<?xml version="1.0" encoding="UTF-8"?>
<!-- Generated by org.testng.reporters.JUnitXMLReporter -->
<testsuite ignored="0" hostname="Alaa-Saber" failures="0" tests="3" name="Default test" time="3.053" errors="0" timestamp="2022-04-10T06:43:41 EET">
  <testcase classname="RestAPI.RestAPIs" name="getPostsByUserID" time="1.873"/>
  <testcase classname="RestAPI.RestAPIs" name="makePostWithUserID" time="0.486"/>
  <testcase classname="RestAPI.RestAPIs" name="printUserEmailFromID" time="0.252"/>
</testsuite> <!-- Default test -->
