<?xml version="1.0" encoding="UTF-8"?>
<testng-results ignored="0" total="3" passed="3" failed="0" skipped="0">
  <reporter-output>
  </reporter-output>
  <suite started-at="2022-04-10T06:43:38 EET" name="Default suite" finished-at="2022-04-10T06:43:41 EET" duration-ms="3053">
    <groups>
    </groups>
    <test started-at="2022-04-10T06:43:38 EET" name="Default test" finished-at="2022-04-10T06:43:41 EET" duration-ms="3053">
      <class name="RestAPI.RestAPIs">
        <test-method is-config="true" signature="setup()[pri:0, instance:RestAPI.RestAPIs@f0c8a99]" started-at="2022-04-10T06:43:38 EET" name="setup" finished-at="2022-04-10T06:43:38 EET" duration-ms="405" status="PASS">
          <reporter-output>
          </reporter-output>
        </test-method> <!-- setup -->
        <test-method signature="getPostsByUserID()[pri:0, instance:RestAPI.RestAPIs@f0c8a99]" started-at="2022-04-10T06:43:38 EET" name="getPostsByUserID" finished-at="2022-04-10T06:43:40 EET" duration-ms="1873" status="PASS">
          <reporter-output>
          </reporter-output>
        </test-method> <!-- getPostsByUserID -->
        <test-method signature="makePostWithUserID()[pri:0, instance:RestAPI.RestAPIs@f0c8a99]" started-at="2022-04-10T06:43:40 EET" name="makePostWithUserID" finished-at="2022-04-10T06:43:41 EET" duration-ms="486" status="PASS">
          <reporter-output>
          </reporter-output>
        </test-method> <!-- makePostWithUserID -->
        <test-method signature="printUserEmailFromID()[pri:0, instance:RestAPI.RestAPIs@f0c8a99]" started-at="2022-04-10T06:43:41 EET" name="printUserEmailFromID" finished-at="2022-04-10T06:43:41 EET" duration-ms="252" status="PASS">
          <reporter-output>
          </reporter-output>
        </test-method> <!-- printUserEmailFromID -->
      </class> <!-- RestAPI.RestAPIs -->
    </test> <!-- Default test -->
  </suite> <!-- Default suite -->
</testng-results>
